sample.interval=20000
"hook" "Rprof" "eval" "eval" "withVisible" "source" 
"cat" "source" 
"eval" "str.default" "str" "doTryCatch" "tryCatchOne" "tryCatchList" "tryCatch" "try" "...elt" "withVisible" "capture.output" "doTryCatch" "tryCatchOne" "tryCatchList" "tryCatch" ".rs.withTimeLimit" ".rs.valueFromStr" ".rs.valueDescriptionImpl" "doTryCatch" "tryCatchOne" "tryCatchList" "tryCatch" ".rs.valueDescription" ".rs.describeObject" 
"structure" "object.size" ".rs.describeObject" 
"structure" "object.size" ".rs.describeObject" 
"anyDuplicated" "namespaceImportFrom" "loadNamespace" "compatRowNames" ".local" "dbFetch" "dbFetch" ".local" "dbGetQuery" "dbGetQuery" "<Anonymous>" "doTryCatch" "tryCatchOne" "tryCatchList" "tryCatch" "try" 
"readRDS" "eval" "eval" "withVisible" "source" "eval" "eval" "withVisible" "source" "logged_in" "<Anonymous>" "doTryCatch" "tryCatchOne" "tryCatchList" "tryCatch" "try" 
"readRDS" "eval" "eval" "withVisible" "source" "eval" "eval" "withVisible" "source" "logged_in" "<Anonymous>" "doTryCatch" "tryCatchOne" "tryCatchList" "tryCatch" "try" 
"readRDS" "eval" "eval" "withVisible" "source" "eval" "eval" "withVisible" "source" "logged_in" "<Anonymous>" "doTryCatch" "tryCatchOne" "tryCatchList" "tryCatch" "try" 
"readRDS" "eval" "eval" "withVisible" "source" "eval" "eval" "withVisible" "source" "logged_in" "<Anonymous>" "doTryCatch" "tryCatchOne" "tryCatchList" "tryCatch" "try" 
"readRDS" "eval" "eval" "withVisible" "source" "eval" "eval" "withVisible" "source" "logged_in" "<Anonymous>" "doTryCatch" "tryCatchOne" "tryCatchList" "tryCatch" "try" 
"readRDS" "eval" "eval" "withVisible" "source" "eval" "eval" "withVisible" "source" "logged_in" "<Anonymous>" "doTryCatch" "tryCatchOne" "tryCatchList" "tryCatch" "try" 
"readRDS" "eval" "eval" "withVisible" "source" "eval" "eval" "withVisible" "source" "logged_in" "<Anonymous>" "doTryCatch" "tryCatchOne" "tryCatchList" "tryCatch" "try" 
"readRDS" "eval" "eval" "withVisible" "source" "eval" "eval" "withVisible" "source" "logged_in" "<Anonymous>" "doTryCatch" "tryCatchOne" "tryCatchList" "tryCatch" "try" 
"readRDS" "eval" "eval" "withVisible" "source" "eval" "eval" "withVisible" "source" "logged_in" "<Anonymous>" "doTryCatch" "tryCatchOne" "tryCatchList" "tryCatch" "try" 
"readRDS" "eval" "eval" "withVisible" "source" "eval" "eval" "withVisible" "source" "logged_in" "<Anonymous>" "doTryCatch" "tryCatchOne" "tryCatchList" "tryCatch" "try" 
"readRDS" "eval" "eval" "withVisible" "source" "eval" "eval" "withVisible" "source" "logged_in" "<Anonymous>" "doTryCatch" "tryCatchOne" "tryCatchList" "tryCatch" "try" 
"readRDS" "eval" "eval" "withVisible" "source" "eval" "eval" "withVisible" "source" "logged_in" "<Anonymous>" "doTryCatch" "tryCatchOne" "tryCatchList" "tryCatch" "try" 
"readRDS" "eval" "eval" "withVisible" "source" "eval" "eval" "withVisible" "source" "logged_in" "<Anonymous>" "doTryCatch" "tryCatchOne" "tryCatchList" "tryCatch" "try" 
"readRDS" "eval" "eval" "withVisible" "source" "eval" "eval" "withVisible" "source" "logged_in" "<Anonymous>" "doTryCatch" "tryCatchOne" "tryCatchList" "tryCatch" "try" 
"readRDS" "eval" "eval" "withVisible" "source" "eval" "eval" "withVisible" "source" "logged_in" "<Anonymous>" "doTryCatch" "tryCatchOne" "tryCatchList" "tryCatch" "try" 
"readRDS" "eval" "eval" "withVisible" "source" "eval" "eval" "withVisible" "source" "logged_in" "<Anonymous>" "doTryCatch" "tryCatchOne" "tryCatchList" "tryCatch" "try" 
"readRDS" "eval" "eval" "withVisible" "source" "eval" "eval" "withVisible" "source" "logged_in" "<Anonymous>" "doTryCatch" "tryCatchOne" "tryCatchList" "tryCatch" "try" 
".External" "structure" ".Tcl.objv" "tcl" "tkdestroy" "eval" "eval" "withVisible" "source" "logged_in" "<Anonymous>" "doTryCatch" "tryCatchOne" "tryCatchList" "tryCatch" "try" 
".External" "structure" ".Tcl.objv" "tcl" "tkwm.iconbitmap" "eval" "eval" "withVisible" "source" "logged_in" "<Anonymous>" "doTryCatch" "tryCatchOne" "tryCatchList" "tryCatch" "try" 
".External" "structure" ".Tcl.objv" "tcl" "tkwidget" "ttkbutton" "eval" "eval" "withVisible" "source" "logged_in" "<Anonymous>" "doTryCatch" "tryCatchOne" "tryCatchList" "tryCatch" "try" 
"sys.function" "match.call" "as.vector" "setdiff" "strSub" "str.default" "str" "doTryCatch" "tryCatchOne" "tryCatchList" "tryCatch" "try" "...elt" "withVisible" "capture.output" "doTryCatch" "tryCatchOne" "tryCatchList" "tryCatch" ".rs.withTimeLimit" ".rs.valueFromStr" ".rs.valueContentsImpl" "doTryCatch" "tryCatchOne" "tryCatchList" "tryCatch" ".rs.valueContents" ".rs.describeObject" 
"structure" "object.size" ".rs.describeObject" 
"str.default" "str" "doTryCatch" "tryCatchOne" "tryCatchList" "tryCatch" "try" "...elt" "withVisible" "capture.output" "doTryCatch" "tryCatchOne" "tryCatchList" "tryCatch" ".rs.withTimeLimit" ".rs.valueFromStr" ".rs.valueDescriptionImpl" "doTryCatch" "tryCatchOne" "tryCatchList" "tryCatch" ".rs.valueDescription" ".rs.describeObject" 
